<?xml version="1.0" encoding="UTF-8"?>
<!-- Generated by org.testng.reporters.JUnitReportReporter -->
<testsuite skipped="0" hostname="LTPCHE082076955" name="SampleDemo.Demo" tests="1" failures="0" timestamp="2020-06-21T18:14:08 IST" time="45.787" errors="0">
  <testcase name="Demo" time="45.787" classname="SampleDemo.Demo"/>
  <system-out/>
</testsuite> <!-- SampleDemo.Demo -->
